High Performance MPEG 1.0/2.0/2.5 Audio Player for Layers 1, 2 and 3
	version 1.20.1; written and copyright by Michael Hipp and others
	free software (LGPL) without any warranty but with best wishes

[readers.c:1182] error: Cannot open file &: No such file or directory

[mpg123.c:634] error: Cannot open &: File access error. (code 22)

Directory: /home/kemkem/playlist/
Playing MPEG stream 1 of 3: Astral Projection - Trance Dance.mp3 ...

MPEG 1.0 layer III, VBR, 44100 Hz joint-stereo
High Performance MPEG 1.0/2.0/2.5 Audio Player for Layers 1, 2 and 3
	version 1.20.1; written and copyright by Michael Hipp and others
	free software (LGPL) without any warranty but with best wishes

[readers.c:1182] error: Cannot open file &: No such file or directory

[mpg123.c:634] error: Cannot open &: File access error. (code 22)

Directory: /home/kemkem/playlist/
Playing MPEG stream 1 of 3: Astral Projection - Trance Dance.mp3 ...

MPEG 1.0 layer III, VBR, 44100 Hz joint-stereo

[9:32] Decoding of Astral Projection - Trance Dance.mp3 finished.

[readers.c:1182] error: Cannot open file &: No such file or directory

[mpg123.c:634] error: Cannot open &: File access error. (code 22)

Playing MPEG stream 1 of 3: Astral Projection - Trance Dance.mp3 ...

MPEG 1.0 layer III, VBR, 44100 Hz joint-stereo

[9:32] Decoding of Astral Projection - Trance Dance.mp3 finished.

[readers.c:1182] error: Cannot open file &: No such file or directory

[mpg123.c:634] error: Cannot open &: File access error. (code 22)

Playing MPEG stream 0 of 3: ASTRAL PROJECTION - People Can Fly.mp3 ...

MPEG 1.0 layer III, VBR, 44100 Hz joint-stereo

[10:00] Decoding of ASTRAL PROJECTION - People Can Fly.mp3 finished.

Playing MPEG stream 1 of 3: Astral Projection - Trance Dance.mp3 ...

MPEG 1.0 layer III, VBR, 44100 Hz joint-stereo

[9:32] Decoding of Astral Projection - Trance Dance.mp3 finished.

Playing MPEG stream 0 of 3: ASTRAL PROJECTION - People Can Fly.mp3 ...

MPEG 1.0 layer III, VBR, 44100 Hz joint-stereo

[10:00] Decoding of ASTRAL PROJECTION - People Can Fly.mp3 finished.

[readers.c:1182] error: Cannot open file &: No such file or directory

[mpg123.c:634] error: Cannot open &: File access error. (code 22)

Playing MPEG stream 0 of 3: ASTRAL PROJECTION - People Can Fly.mp3 ...

MPEG 1.0 layer III, VBR, 44100 Hz joint-stereo

[10:00] Decoding of ASTRAL PROJECTION - People Can Fly.mp3 finished.

Playing MPEG stream 1 of 3: Astral Projection - Trance Dance.mp3 ...

MPEG 1.0 layer III, VBR, 44100 Hz joint-stereo

[9:32] Decoding of Astral Projection - Trance Dance.mp3 finished.

Playing MPEG stream 0 of 3: ASTRAL PROJECTION - People Can Fly.mp3 ...

MPEG 1.0 layer III, VBR, 44100 Hz joint-stereo

[10:00] Decoding of ASTRAL PROJECTION - People Can Fly.mp3 finished.

Playing MPEG stream 1 of 3: Astral Projection - Trance Dance.mp3 ...

MPEG 1.0 layer III, VBR, 44100 Hz joint-stereo

[9:32] Decoding of Astral Projection - Trance Dance.mp3 finished.

Playing MPEG stream 0 of 3: ASTRAL PROJECTION - People Can Fly.mp3 ...

MPEG 1.0 layer III, VBR, 44100 Hz joint-stereo

[10:00] Decoding of ASTRAL PROJECTION - People Can Fly.mp3 finished.

[readers.c:1182] error: Cannot open file &: No such file or directory

[mpg123.c:634] error: Cannot open &: File access error. (code 22)

Playing MPEG stream 1 of 3: Astral Projection - Trance Dance.mp3 ...

MPEG 1.0 layer III, VBR, 44100 Hz joint-stereo

[9:32] Decoding of Astral Projection - Trance Dance.mp3 finished.

Playing MPEG stream 0 of 3: ASTRAL PROJECTION - People Can Fly.mp3 ...

MPEG 1.0 layer III, VBR, 44100 Hz joint-stereo

[10:00] Decoding of ASTRAL PROJECTION - People Can Fly.mp3 finished.

Playing MPEG stream 1 of 3: Astral Projection - Trance Dance.mp3 ...

MPEG 1.0 layer III, VBR, 44100 Hz joint-stereo

[9:32] Decoding of Astral Projection - Trance Dance.mp3 finished.

Playing MPEG stream 0 of 3: ASTRAL PROJECTION - People Can Fly.mp3 ...

MPEG 1.0 layer III, VBR, 44100 Hz joint-stereo

[10:00] Decoding of ASTRAL PROJECTION - People Can Fly.mp3 finished.

[readers.c:1182] error: Cannot open file &: No such file or directory

[mpg123.c:634] error: Cannot open &: File access error. (code 22)

Playing MPEG stream 1 of 3: Astral Projection - Trance Dance.mp3 ...

MPEG 1.0 layer III, VBR, 44100 Hz joint-stereo

[9:32] Decoding of Astral Projection - Trance Dance.mp3 finished.

Playing MPEG stream 0 of 3: ASTRAL PROJECTION - People Can Fly.mp3 ...

MPEG 1.0 layer III, VBR, 44100 Hz joint-stereo

[10:00] Decoding of ASTRAL PROJECTION - People Can Fly.mp3 finished.

Playing MPEG stream 1 of 3: Astral Projection - Trance Dance.mp3 ...

MPEG 1.0 layer III, VBR, 44100 Hz joint-stereo

[9:32] Decoding of Astral Projection - Trance Dance.mp3 finished.

Playing MPEG stream 0 of 3: ASTRAL PROJECTION - People Can Fly.mp3 ...

MPEG 1.0 layer III, VBR, 44100 Hz joint-stereo

[10:00] Decoding of ASTRAL PROJECTION - People Can Fly.mp3 finished.

Playing MPEG stream 1 of 3: Astral Projection - Trance Dance.mp3 ...

MPEG 1.0 layer III, VBR, 44100 Hz joint-stereo

[9:32] Decoding of Astral Projection - Trance Dance.mp3 finished.

[readers.c:1182] error: Cannot open file &: No such file or directory

[mpg123.c:634] error: Cannot open &: File access error. (code 22)

Playing MPEG stream 0 of 3: ASTRAL PROJECTION - People Can Fly.mp3 ...

MPEG 1.0 layer III, VBR, 44100 Hz joint-stereo

[10:00] Decoding of ASTRAL PROJECTION - People Can Fly.mp3 finished.

Playing MPEG stream 1 of 3: Astral Projection - Trance Dance.mp3 ...

MPEG 1.0 layer III, VBR, 44100 Hz joint-stereo

[9:32] Decoding of Astral Projection - Trance Dance.mp3 finished.

[readers.c:1182] error: Cannot open file &: No such file or directory

[mpg123.c:634] error: Cannot open &: File access error. (code 22)

Playing MPEG stream 0 of 3: ASTRAL PROJECTION - People Can Fly.mp3 ...

MPEG 1.0 layer III, VBR, 44100 Hz joint-stereo

[10:00] Decoding of ASTRAL PROJECTION - People Can Fly.mp3 finished.

Playing MPEG stream 1 of 3: Astral Projection - Trance Dance.mp3 ...

MPEG 1.0 layer III, VBR, 44100 Hz joint-stereo

[9:32] Decoding of Astral Projection - Trance Dance.mp3 finished.

Playing MPEG stream 0 of 3: ASTRAL PROJECTION - People Can Fly.mp3 ...

MPEG 1.0 layer III, VBR, 44100 Hz joint-stereo

[10:00] Decoding of ASTRAL PROJECTION - People Can Fly.mp3 finished.

[readers.c:1182] error: Cannot open file &: No such file or directory

[mpg123.c:634] error: Cannot open &: File access error. (code 22)

Playing MPEG stream 1 of 3: Astral Projection - Trance Dance.mp3 ...

MPEG 1.0 layer III, VBR, 44100 Hz joint-stereo

[9:32] Decoding of Astral Projection - Trance Dance.mp3 finished.

Playing MPEG stream 0 of 3: ASTRAL PROJECTION - People Can Fly.mp3 ...

MPEG 1.0 layer III, VBR, 44100 Hz joint-stereo

[10:00] Decoding of ASTRAL PROJECTION - People Can Fly.mp3 finished.

[readers.c:1182] error: Cannot open file &: No such file or directory

[mpg123.c:634] error: Cannot open &: File access error. (code 22)

Playing MPEG stream 1 of 3: Astral Projection - Trance Dance.mp3 ...

MPEG 1.0 layer III, VBR, 44100 Hz joint-stereo

[9:32] Decoding of Astral Projection - Trance Dance.mp3 finished.

[readers.c:1182] error: Cannot open file &: No such file or directory

[mpg123.c:634] error: Cannot open &: File access error. (code 22)

Playing MPEG stream 1 of 3: Astral Projection - Trance Dance.mp3 ...

MPEG 1.0 layer III, VBR, 44100 Hz joint-stereo

[9:32] Decoding of Astral Projection - Trance Dance.mp3 finished.

[readers.c:1182] error: Cannot open file &: No such file or directory

[mpg123.c:634] error: Cannot open &: File access error. (code 22)

Playing MPEG stream 1 of 3: Astral Projection - Trance Dance.mp3 ...

MPEG 1.0 layer III, VBR, 44100 Hz joint-stereo

[9:32] Decoding of Astral Projection - Trance Dance.mp3 finished.

Playing MPEG stream 0 of 3: ASTRAL PROJECTION - People Can Fly.mp3 ...

MPEG 1.0 layer III, VBR, 44100 Hz joint-stereo

[10:00] Decoding of ASTRAL PROJECTION - People Can Fly.mp3 finished.

Playing MPEG stream 1 of 3: Astral Projection - Trance Dance.mp3 ...

MPEG 1.0 layer III, VBR, 44100 Hz joint-stereo

[9:32] Decoding of Astral Projection - Trance Dance.mp3 finished.

Playing MPEG stream 0 of 3: ASTRAL PROJECTION - People Can Fly.mp3 ...

MPEG 1.0 layer III, VBR, 44100 Hz joint-stereo

[10:00] Decoding of ASTRAL PROJECTION - People Can Fly.mp3 finished.

Playing MPEG stream 1 of 3: Astral Projection - Trance Dance.mp3 ...

MPEG 1.0 layer III, VBR, 44100 Hz joint-stereo

[9:32] Decoding of Astral Projection - Trance Dance.mp3 finished.

[readers.c:1182] error: Cannot open file &: No such file or directory

[mpg123.c:634] error: Cannot open &: File access error. (code 22)

Playing MPEG stream 0 of 3: ASTRAL PROJECTION - People Can Fly.mp3 ...

MPEG 1.0 layer III, VBR, 44100 Hz joint-stereo

[10:00] Decoding of ASTRAL PROJECTION - People Can Fly.mp3 finished.

Playing MPEG stream 1 of 3: Astral Projection - Trance Dance.mp3 ...

MPEG 1.0 layer III, VBR, 44100 Hz joint-stereo

[9:32] Decoding of Astral Projection - Trance Dance.mp3 finished.

Playing MPEG stream 0 of 3: ASTRAL PROJECTION - People Can Fly.mp3 ...

MPEG 1.0 layer III, VBR, 44100 Hz joint-stereo

[10:00] Decoding of ASTRAL PROJECTION - People Can Fly.mp3 finished.

[readers.c:1182] error: Cannot open file &: No such file or directory

[mpg123.c:634] error: Cannot open &: File access error. (code 22)

Playing MPEG stream 0 of 3: ASTRAL PROJECTION - People Can Fly.mp3 ...

MPEG 1.0 layer III, VBR, 44100 Hz joint-stereo

[10:00] Decoding of ASTRAL PROJECTION - People Can Fly.mp3 finished.

Playing MPEG stream 1 of 3: Astral Projection - Trance Dance.mp3 ...

MPEG 1.0 layer III, VBR, 44100 Hz joint-stereo

[9:32] Decoding of Astral Projection - Trance Dance.mp3 finished.

Playing MPEG stream 0 of 3: ASTRAL PROJECTION - People Can Fly.mp3 ...

MPEG 1.0 layer III, VBR, 44100 Hz joint-stereo

[10:00] Decoding of ASTRAL PROJECTION - People Can Fly.mp3 finished.

[readers.c:1182] error: Cannot open file &: No such file or directory

[mpg123.c:634] error: Cannot open &: File access error. (code 22)

Playing MPEG stream 1 of 3: Astral Projection - Trance Dance.mp3 ...

MPEG 1.0 layer III, VBR, 44100 Hz joint-stereo

[9:32] Decoding of Astral Projection - Trance Dance.mp3 finished.

[readers.c:1182] error: Cannot open file &: No such file or directory

[mpg123.c:634] error: Cannot open &: File access error. (code 22)

Playing MPEG stream 1 of 3: Astral Projection - Trance Dance.mp3 ...

MPEG 1.0 layer III, VBR, 44100 Hz joint-stereo

[9:32] Decoding of Astral Projection - Trance Dance.mp3 finished.

[readers.c:1182] error: Cannot open file &: No such file or directory

[mpg123.c:634] error: Cannot open &: File access error. (code 22)

Playing MPEG stream 1 of 3: Astral Projection - Trance Dance.mp3 ...

MPEG 1.0 layer III, VBR, 44100 Hz joint-stereo

[9:32] Decoding of Astral Projection - Trance Dance.mp3 finished.

[readers.c:1182] error: Cannot open file &: No such file or directory

[mpg123.c:634] error: Cannot open &: File access error. (code 22)

Playing MPEG stream 0 of 3: ASTRAL PROJECTION - People Can Fly.mp3 ...

MPEG 1.0 layer III, VBR, 44100 Hz joint-stereo

[10:00] Decoding of ASTRAL PROJECTION - People Can Fly.mp3 finished.

[readers.c:1182] error: Cannot open file &: No such file or directory

[mpg123.c:634] error: Cannot open &: File access error. (code 22)

Playing MPEG stream 0 of 3: ASTRAL PROJECTION - People Can Fly.mp3 ...

MPEG 1.0 layer III, VBR, 44100 Hz joint-stereo

[10:00] Decoding of ASTRAL PROJECTION - People Can Fly.mp3 finished.

Playing MPEG stream 1 of 3: Astral Projection - Trance Dance.mp3 ...

MPEG 1.0 layer III, VBR, 44100 Hz joint-stereo

[9:32] Decoding of Astral Projection - Trance Dance.mp3 finished.

Playing MPEG stream 0 of 3: ASTRAL PROJECTION - People Can Fly.mp3 ...

MPEG 1.0 layer III, VBR, 44100 Hz joint-stereo

[10:00] Decoding of ASTRAL PROJECTION - People Can Fly.mp3 finished.

[readers.c:1182] error: Cannot open file &: No such file or directory

[mpg123.c:634] error: Cannot open &: File access error. (code 22)

Playing MPEG stream 0 of 3: ASTRAL PROJECTION - People Can Fly.mp3 ...

MPEG 1.0 layer III, VBR, 44100 Hz joint-stereo
High Performance MPEG 1.0/2.0/2.5 Audio Player for Layers 1, 2 and 3
	version 1.20.1; written and copyright by Michael Hipp and others
	free software (LGPL) without any warranty but with best wishes

Directory: /home/kemkem/playlist/
Playing MPEG stream 0 of 3: ASTRAL PROJECTION - People Can Fly.mp3 ...

MPEG 1.0 layer III, VBR, 44100 Hz joint-stereo
High Performance MPEG 1.0/2.0/2.5 Audio Player for Layers 1, 2 and 3
	version 1.20.1; written and copyright by Michael Hipp and others
	free software (LGPL) without any warranty but with best wishes

Directory: /home/kemkem/playlist/
Playing MPEG stream 1 of 3: Astral Projection - Trance Dance.mp3 ...

MPEG 1.0 layer III, VBR, 44100 Hz joint-stereo

[9:32] Decoding of Astral Projection - Trance Dance.mp3 finished.

[readers.c:1182] error: Cannot open file &: No such file or directory

[mpg123.c:634] error: Cannot open &: File access error. (code 22)

Playing MPEG stream 0 of 3: ASTRAL PROJECTION - People Can Fly.mp3 ...

MPEG 1.0 layer III, VBR, 44100 Hz joint-stereo

[10:00] Decoding of ASTRAL PROJECTION - People Can Fly.mp3 finished.

Playing MPEG stream 1 of 3: Astral Projection - Trance Dance.mp3 ...

MPEG 1.0 layer III, VBR, 44100 Hz joint-stereo

[9:32] Decoding of Astral Projection - Trance Dance.mp3 finished.

Playing MPEG stream 0 of 3: ASTRAL PROJECTION - People Can Fly.mp3 ...

MPEG 1.0 layer III, VBR, 44100 Hz joint-stereo

[10:00] Decoding of ASTRAL PROJECTION - People Can Fly.mp3 finished.

Playing MPEG stream 1 of 3: Astral Projection - Trance Dance.mp3 ...

MPEG 1.0 layer III, VBR, 44100 Hz joint-stereo

[9:32] Decoding of Astral Projection - Trance Dance.mp3 finished.

[readers.c:1182] error: Cannot open file &: No such file or directory

[mpg123.c:634] error: Cannot open &: File access error. (code 22)

Playing MPEG stream 0 of 3: ASTRAL PROJECTION - People Can Fly.mp3 ...

MPEG 1.0 layer III, VBR, 44100 Hz joint-stereo

[10:00] Decoding of ASTRAL PROJECTION - People Can Fly.mp3 finished.

Playing MPEG stream 1 of 3: Astral Projection - Trance Dance.mp3 ...

MPEG 1.0 layer III, VBR, 44100 Hz joint-stereo

[9:32] Decoding of Astral Projection - Trance Dance.mp3 finished.

[readers.c:1182] error: Cannot open file &: No such file or directory

[mpg123.c:634] error: Cannot open &: File access error. (code 22)

Playing MPEG stream 1 of 3: Astral Projection - Trance Dance.mp3 ...

MPEG 1.0 layer III, VBR, 44100 Hz joint-stereo

[9:32] Decoding of Astral Projection - Trance Dance.mp3 finished.

[readers.c:1182] error: Cannot open file &: No such file or directory

[mpg123.c:634] error: Cannot open &: File access error. (code 22)

Playing MPEG stream 0 of 3: ASTRAL PROJECTION - People Can Fly.mp3 ...

MPEG 1.0 layer III, VBR, 44100 Hz joint-stereo

[10:00] Decoding of ASTRAL PROJECTION - People Can Fly.mp3 finished.

Playing MPEG stream 1 of 3: Astral Projection - Trance Dance.mp3 ...

MPEG 1.0 layer III, VBR, 44100 Hz joint-stereo
High Performance MPEG 1.0/2.0/2.5 Audio Player for Layers 1, 2 and 3
	version 1.20.1; written and copyright by Michael Hipp and others
	free software (LGPL) without any warranty but with best wishes

Directory: /home/kemkem/playlist/
Playing MPEG stream 0 of 3: ASTRAL PROJECTION - People Can Fly.mp3 ...

MPEG 1.0 layer III, VBR, 44100 Hz joint-stereo
High Performance MPEG 1.0/2.0/2.5 Audio Player for Layers 1, 2 and 3
	version 1.20.1; written and copyright by Michael Hipp and others
	free software (LGPL) without any warranty but with best wishes

Directory: /home/kemkem/playlist/
Playing MPEG stream 1 of 3: Astral Projection - Trance Dance.mp3 ...

MPEG 1.0 layer III, VBR, 44100 Hz joint-stereo

[9:32] Decoding of Astral Projection - Trance Dance.mp3 finished.

[readers.c:1182] error: Cannot open file &: No such file or directory

[mpg123.c:634] error: Cannot open &: File access error. (code 22)

Playing MPEG stream 1 of 3: Astral Projection - Trance Dance.mp3 ...

MPEG 1.0 layer III, VBR, 44100 Hz joint-stereo

[9:32] Decoding of Astral Projection - Trance Dance.mp3 finished.

Playing MPEG stream 0 of 3: ASTRAL PROJECTION - People Can Fly.mp3 ...

MPEG 1.0 layer III, VBR, 44100 Hz joint-stereo

[10:00] Decoding of ASTRAL PROJECTION - People Can Fly.mp3 finished.

Playing MPEG stream 1 of 3: Astral Projection - Trance Dance.mp3 ...

MPEG 1.0 layer III, VBR, 44100 Hz joint-stereo

[9:32] Decoding of Astral Projection - Trance Dance.mp3 finished.

Playing MPEG stream 0 of 3: ASTRAL PROJECTION - People Can Fly.mp3 ...

MPEG 1.0 layer III, VBR, 44100 Hz joint-stereo

[9:32] Decoding of Astral Projection - Trance Dance.mp3 finished.

[readers.c:1182] error: Cannot open file &: No such file or directory

[mpg123.c:634] error: Cannot open &: File access error. (code 22)

Playing MPEG stream 0 of 3: ASTRAL PROJECTION - People Can Fly.mp3 ...

MPEG 1.0 layer III, VBR, 44100 Hz joint-stereo

[10:00] Decoding of ASTRAL PROJECTION - People Can Fly.mp3 finished.

Playing MPEG stream 1 of 3: Astral Projection - Trance Dance.mp3 ...

MPEG 1.0 layer III, VBR, 44100 Hz joint-stereo

[10:00] Decoding of ASTRAL PROJECTION - People Can Fly.mp3 finished.

Playing MPEG stream 1 of 3: Astral Projection - Trance Dance.mp3 ...

MPEG 1.0 layer III, VBR, 44100 Hz joint-stereo

[9:32] Decoding of Astral Projection - Trance Dance.mp3 finished.

Playing MPEG stream 0 of 3: ASTRAL PROJECTION - People Can Fly.mp3 ...

MPEG 1.0 layer III, VBR, 44100 Hz joint-stereo

[10:00] Decoding of ASTRAL PROJECTION - People Can Fly.mp3 finished.

Playing MPEG stream 1 of 3: Astral Projection - Trance Dance.mp3 ...

MPEG 1.0 layer III, VBR, 44100 Hz joint-stereo
High Performance MPEG 1.0/2.0/2.5 Audio Player for Layers 1, 2 and 3
	version 1.20.1; written and copyright by Michael Hipp and others
	free software (LGPL) without any warranty but with best wishes

[readers.c:1182] error: Cannot open file &: No such file or directory

[mpg123.c:634] error: Cannot open &: File access error. (code 22)

Directory: /home/kemkem/playlist/
Playing MPEG stream 0 of 3: ASTRAL PROJECTION - People Can Fly.mp3 ...

MPEG 1.0 layer III, VBR, 44100 Hz joint-stereo
High Performance MPEG 1.0/2.0/2.5 Audio Player for Layers 1, 2 and 3
	version 1.20.1; written and copyright by Michael Hipp and others
	free software (LGPL) without any warranty but with best wishes

Directory: /home/kemkem/playlist/
Playing MPEG stream 0 of 3: ASTRAL PROJECTION - People Can Fly.mp3 ...

MPEG 1.0 layer III, VBR, 44100 Hz joint-stereo

[0:06] Decoding of ASTRAL PROJECTION - People Can Fly.mp3 finished.

Playing MPEG stream 1 of 3: Astral Projection - Trance Dance.mp3 ...

MPEG 1.0 layer III, VBR, 44100 Hz joint-stereo
High Performance MPEG 1.0/2.0/2.5 Audio Player for Layers 1, 2 and 3
	version 1.20.1; written and copyright by Michael Hipp and others
	free software (LGPL) without any warranty but with best wishes

Directory: /home/kemkem/playlist/
Playing MPEG stream 1 of 3: Astral Projection - Trance Dance.mp3 ...

MPEG 1.0 layer III, VBR, 44100 Hz joint-stereo
High Performance MPEG 1.0/2.0/2.5 Audio Player for Layers 1, 2 and 3
	version 1.20.1; written and copyright by Michael Hipp and others
	free software (LGPL) without any warranty but with best wishes

Directory: /home/kemkem/playlist/
Playing MPEG stream 0 of 3: ASTRAL PROJECTION - People Can Fly.mp3 ...

MPEG 1.0 layer III, VBR, 44100 Hz joint-stereo

[0:09] Decoding of ASTRAL PROJECTION - People Can Fly.mp3 finished.

Playing MPEG stream 1 of 3: Astral Projection - Trance Dance.mp3 ...

MPEG 1.0 layer III, VBR, 44100 Hz joint-stereo
High Performance MPEG 1.0/2.0/2.5 Audio Player for Layers 1, 2 and 3
	version 1.20.1; written and copyright by Michael Hipp and others
	free software (LGPL) without any warranty but with best wishes

Directory: /home/kemkem/playlist/
Playing MPEG stream 0 of 3: ASTRAL PROJECTION - People Can Fly.mp3 ...

MPEG 1.0 layer III, VBR, 44100 Hz joint-stereo
High Performance MPEG 1.0/2.0/2.5 Audio Player for Layers 1, 2 and 3
	version 1.20.1; written and copyright by Michael Hipp and others
	free software (LGPL) without any warranty but with best wishes

Directory: /home/kemkem/playlist/
Playing MPEG stream 1 of 3: Astral Projection - Trance Dance.mp3 ...

MPEG 1.0 layer III, VBR, 44100 Hz joint-stereo
High Performance MPEG 1.0/2.0/2.5 Audio Player for Layers 1, 2 and 3
	version 1.20.1; written and copyright by Michael Hipp and others
	free software (LGPL) without any warranty but with best wishes

Directory: /home/kemkem/playlist/
Playing MPEG stream 0 of 3: ASTRAL PROJECTION - People Can Fly.mp3 ...

MPEG 1.0 layer III, VBR, 44100 Hz joint-stereo
High Performance MPEG 1.0/2.0/2.5 Audio Player for Layers 1, 2 and 3
	version 1.20.1; written and copyright by Michael Hipp and others
	free software (LGPL) without any warranty but with best wishes

[readers.c:1182] error: Cannot open file &: No such file or directory

[mpg123.c:634] error: Cannot open &: File access error. (code 22)

Directory: /home/kemkem/playlist/
Playing MPEG stream 0 of 3: ASTRAL PROJECTION - People Can Fly.mp3 ...

MPEG 1.0 layer III, VBR, 44100 Hz joint-stereo
High Performance MPEG 1.0/2.0/2.5 Audio Player for Layers 1, 2 and 3
	version 1.20.1; written and copyright by Michael Hipp and others
	free software (LGPL) without any warranty but with best wishes

Directory: /home/kemkem/playlist/
Playing MPEG stream 1 of 3: Astral Projection - Trance Dance.mp3 ...

MPEG 1.0 layer III, VBR, 44100 Hz joint-stereo
